[0.038s] Invoking command in '/home/dharma/dev_ws/build/my_package': CMAKE_PREFIX_PATH=/opt/ros/foxy /usr/bin/cmake --build /home/dharma/dev_ws/build/my_package -- -j1 -l1
[0.103s] Invoked command in '/home/dharma/dev_ws/build/my_package' returned '0': CMAKE_PREFIX_PATH=/opt/ros/foxy /usr/bin/cmake --build /home/dharma/dev_ws/build/my_package -- -j1 -l1
[0.127s] Invoking command in '/home/dharma/dev_ws/build/my_package': CMAKE_PREFIX_PATH=/opt/ros/foxy /usr/bin/cmake --install /home/dharma/dev_ws/build/my_package
[0.137s] -- Install configuration: ""
[0.138s] -- Execute custom install script
[0.141s] -- Up-to-date symlink: /home/dharma/dev_ws/install/my_package/share/my_package/launch/listener.launch.py
[0.142s] -- Up-to-date symlink: /home/dharma/dev_ws/install/my_package/share/my_package/launch/talker.launch.py
[0.143s] -- Up-to-date symlink: /home/dharma/dev_ws/install/my_package/share/ament_index/resource_index/package_run_dependencies/my_package
[0.145s] -- Up-to-date symlink: /home/dharma/dev_ws/install/my_package/share/ament_index/resource_index/parent_prefix_path/my_package
[0.146s] -- Up-to-date symlink: /home/dharma/dev_ws/install/my_package/share/my_package/environment/ament_prefix_path.sh
[0.147s] -- Up-to-date symlink: /home/dharma/dev_ws/install/my_package/share/my_package/environment/ament_prefix_path.dsv
[0.147s] -- Up-to-date symlink: /home/dharma/dev_ws/install/my_package/share/my_package/environment/path.sh
[0.148s] -- Up-to-date symlink: /home/dharma/dev_ws/install/my_package/share/my_package/environment/path.dsv
[0.149s] -- Up-to-date symlink: /home/dharma/dev_ws/install/my_package/share/my_package/local_setup.bash
[0.150s] -- Up-to-date symlink: /home/dharma/dev_ws/install/my_package/share/my_package/local_setup.sh
[0.151s] -- Up-to-date symlink: /home/dharma/dev_ws/install/my_package/share/my_package/local_setup.zsh
[0.152s] -- Up-to-date symlink: /home/dharma/dev_ws/install/my_package/share/my_package/local_setup.dsv
[0.153s] -- Symlinking: /home/dharma/dev_ws/install/my_package/share/my_package/package.dsv
[0.162s] -- Up-to-date symlink: /home/dharma/dev_ws/install/my_package/share/ament_index/resource_index/packages/my_package
[0.163s] -- Up-to-date symlink: /home/dharma/dev_ws/install/my_package/share/my_package/cmake/my_packageConfig.cmake
[0.164s] -- Up-to-date symlink: /home/dharma/dev_ws/install/my_package/share/my_package/cmake/my_packageConfig-version.cmake
[0.167s] -- Up-to-date symlink: /home/dharma/dev_ws/install/my_package/share/my_package/package.xml
[0.173s] Invoked command in '/home/dharma/dev_ws/build/my_package' returned '0': CMAKE_PREFIX_PATH=/opt/ros/foxy /usr/bin/cmake --install /home/dharma/dev_ws/build/my_package
