[0.035s] Invoking command in '/home/dharma/dev_ws/build/my_package': CMAKE_PREFIX_PATH=/opt/ros/foxy /usr/bin/cmake --build /home/dharma/dev_ws/build/my_package -- -j1 -l1
[0.118s] -- Found ament_cmake: 0.9.11 (/opt/ros/foxy/share/ament_cmake/cmake)
[0.149s] -- Using PYTHON_EXECUTABLE: /usr/bin/python3
[0.401s] -- Override CMake install command with custom implementation using symlinks instead of copying resources
[0.407s] -- Found ament_lint_auto: 0.9.7 (/opt/ros/foxy/share/ament_lint_auto/cmake)
[0.533s] -- Added test 'copyright' to check source files copyright and LICENSE
[0.538s] -- Added test 'flake8' to check Python code syntax and style conventions
[0.541s] -- Added test 'lint_cmake' to check CMake code style
[0.542s] -- Added test 'pep257' to check Python code against some of the style conventions in PEP 257
[0.544s] -- Added test 'xmllint' to check XML markup files
[0.550s] -- Configuring done
[0.564s] -- Generating done
[0.574s] -- Build files have been written to: /home/dharma/dev_ws/build/my_package
[0.604s] Invoked command in '/home/dharma/dev_ws/build/my_package' returned '0': CMAKE_PREFIX_PATH=/opt/ros/foxy /usr/bin/cmake --build /home/dharma/dev_ws/build/my_package -- -j1 -l1
[0.653s] Invoking command in '/home/dharma/dev_ws/build/my_package': CMAKE_PREFIX_PATH=/opt/ros/foxy /usr/bin/cmake --install /home/dharma/dev_ws/build/my_package
[0.666s] -- Install configuration: ""
[0.668s] -- Execute custom install script
[0.670s] -- Symlinking: /home/dharma/dev_ws/install/my_package/share/my_package/launch/listener.launch.py
[0.682s] -- Symlinking: /home/dharma/dev_ws/install/my_package/share/my_package/launch/talker.launch.py
[0.696s] -- Symlinking: /home/dharma/dev_ws/install/my_package/share/ament_index/resource_index/package_run_dependencies/my_package
[0.713s] -- Symlinking: /home/dharma/dev_ws/install/my_package/share/ament_index/resource_index/parent_prefix_path/my_package
[0.729s] -- Symlinking: /home/dharma/dev_ws/install/my_package/share/my_package/environment/ament_prefix_path.sh
[0.741s] -- Symlinking: /home/dharma/dev_ws/install/my_package/share/my_package/environment/ament_prefix_path.dsv
[0.753s] -- Symlinking: /home/dharma/dev_ws/install/my_package/share/my_package/environment/path.sh
[0.765s] -- Symlinking: /home/dharma/dev_ws/install/my_package/share/my_package/environment/path.dsv
[0.777s] -- Symlinking: /home/dharma/dev_ws/install/my_package/share/my_package/local_setup.bash
[0.787s] -- Symlinking: /home/dharma/dev_ws/install/my_package/share/my_package/local_setup.sh
[0.799s] -- Symlinking: /home/dharma/dev_ws/install/my_package/share/my_package/local_setup.zsh
[0.816s] -- Symlinking: /home/dharma/dev_ws/install/my_package/share/my_package/local_setup.dsv
[0.830s] -- Symlinking: /home/dharma/dev_ws/install/my_package/share/my_package/package.dsv
[0.842s] -- Symlinking: /home/dharma/dev_ws/install/my_package/share/ament_index/resource_index/packages/my_package
[0.855s] -- Symlinking: /home/dharma/dev_ws/install/my_package/share/my_package/cmake/my_packageConfig.cmake
[0.867s] -- Symlinking: /home/dharma/dev_ws/install/my_package/share/my_package/cmake/my_packageConfig-version.cmake
[0.879s] -- Symlinking: /home/dharma/dev_ws/install/my_package/share/my_package/package.xml
[0.892s] Invoked command in '/home/dharma/dev_ws/build/my_package' returned '0': CMAKE_PREFIX_PATH=/opt/ros/foxy /usr/bin/cmake --install /home/dharma/dev_ws/build/my_package
