[0.015s] Invoking command in '/home/dharma/dev_ws/build/dharma_pkg': CMAKE_PREFIX_PATH=/opt/ros/foxy /usr/bin/cmake /home/dharma/dev_ws/src/dharma_pkg -DAMENT_CMAKE_SYMLINK_INSTALL=1 -DCMAKE_INSTALL_PREFIX=/home/dharma/dev_ws/install/dharma_pkg
[0.093s] -- The C compiler identification is GNU 9.4.0
[0.166s] -- The CXX compiler identification is GNU 9.4.0
[0.171s] -- Check for working C compiler: /usr/bin/cc
[0.246s] -- Check for working C compiler: /usr/bin/cc -- works
[0.248s] -- Detecting C compiler ABI info
[0.316s] -- Detecting C compiler ABI info - done
[0.331s] -- Detecting C compile features
[0.332s] -- Detecting C compile features - done
[0.335s] -- Check for working CXX compiler: /usr/bin/c++
[0.425s] -- Check for working CXX compiler: /usr/bin/c++ -- works
[0.426s] -- Detecting CXX compiler ABI info
[0.504s] -- Detecting CXX compiler ABI info - done
[0.525s] -- Detecting CXX compile features
[0.525s] -- Detecting CXX compile features - done
[0.525s] -- Found ament_cmake: 0.9.11 (/opt/ros/foxy/share/ament_cmake/cmake)
[0.551s] -- Found PythonInterp: /usr/bin/python3 (found suitable version "3.8.10", minimum required is "3") 
[0.551s] -- Using PYTHON_EXECUTABLE: /usr/bin/python3
[0.772s] -- Override CMake install command with custom implementation using symlinks instead of copying resources
[0.803s] -- Found rclcpp: 2.4.2 (/opt/ros/foxy/share/rclcpp/cmake)
[0.841s] -- Using all available rosidl_typesupport_c: rosidl_typesupport_fastrtps_c;rosidl_typesupport_introspection_c
[0.848s] -- Found rosidl_adapter: 1.3.0 (/opt/ros/foxy/share/rosidl_adapter/cmake)
[0.978s] -- Found OpenSSL: /usr/lib/x86_64-linux-gnu/libcrypto.so (found version "1.1.1f")  
[1.009s] -- Found FastRTPS: /opt/ros/foxy/include  
[1.110s] -- Using all available rosidl_typesupport_cpp: rosidl_typesupport_fastrtps_cpp;rosidl_typesupport_introspection_cpp
[1.176s] -- Found rmw_implementation_cmake: 1.0.3 (/opt/ros/foxy/share/rmw_implementation_cmake/cmake)
[1.178s] -- Using RMW implementation 'rmw_fastrtps_cpp' as default
[1.179s] -- Looking for pthread.h
[1.258s] -- Looking for pthread.h - found
[1.259s] -- Performing Test CMAKE_HAVE_LIBC_PTHREAD
[1.341s] -- Performing Test CMAKE_HAVE_LIBC_PTHREAD - Failed
[1.341s] -- Looking for pthread_create in pthreads
[1.405s] -- Looking for pthread_create in pthreads - not found
[1.405s] -- Looking for pthread_create in pthread
[1.479s] -- Looking for pthread_create in pthread - found
[1.480s] -- Found Threads: TRUE  
[1.695s] -- Found ament_lint_auto: 0.9.7 (/opt/ros/foxy/share/ament_lint_auto/cmake)
[1.779s] -- Added test 'copyright' to check source files copyright and LICENSE
[1.781s] -- Added test 'flake8' to check Python code syntax and style conventions
[1.782s] -- Added test 'lint_cmake' to check CMake code style
[1.783s] -- Added test 'pep257' to check Python code against some of the style conventions in PEP 257
[1.784s] -- Added test 'xmllint' to check XML markup files
[1.788s] -- Configuring done
[1.791s] -- Generating done
[1.793s] -- Build files have been written to: /home/dharma/dev_ws/build/dharma_pkg
[1.804s] Invoked command in '/home/dharma/dev_ws/build/dharma_pkg' returned '0': CMAKE_PREFIX_PATH=/opt/ros/foxy /usr/bin/cmake /home/dharma/dev_ws/src/dharma_pkg -DAMENT_CMAKE_SYMLINK_INSTALL=1 -DCMAKE_INSTALL_PREFIX=/home/dharma/dev_ws/install/dharma_pkg
[1.806s] Invoking command in '/home/dharma/dev_ws/build/dharma_pkg': CMAKE_PREFIX_PATH=/opt/ros/foxy /usr/bin/cmake --build /home/dharma/dev_ws/build/dharma_pkg -- -j1 -l1
[1.855s] Invoked command in '/home/dharma/dev_ws/build/dharma_pkg' returned '0': CMAKE_PREFIX_PATH=/opt/ros/foxy /usr/bin/cmake --build /home/dharma/dev_ws/build/dharma_pkg -- -j1 -l1
[1.891s] Invoking command in '/home/dharma/dev_ws/build/dharma_pkg': CMAKE_PREFIX_PATH=/opt/ros/foxy /usr/bin/cmake --install /home/dharma/dev_ws/build/dharma_pkg
[1.903s] -- Install configuration: ""
[1.904s] -- Execute custom install script
[1.904s] -- Symlinking: /home/dharma/dev_ws/install/dharma_pkg/share/dharma_pkg//launch/dolly.launch.py
[1.916s] -- Symlinking: /home/dharma/dev_ws/install/dharma_pkg/share/ament_index/resource_index/package_run_dependencies/dharma_pkg
[1.927s] -- Symlinking: /home/dharma/dev_ws/install/dharma_pkg/share/ament_index/resource_index/parent_prefix_path/dharma_pkg
[1.937s] -- Symlinking: /home/dharma/dev_ws/install/dharma_pkg/share/dharma_pkg/environment/ament_prefix_path.sh
[1.949s] -- Symlinking: /home/dharma/dev_ws/install/dharma_pkg/share/dharma_pkg/environment/ament_prefix_path.dsv
[1.959s] -- Symlinking: /home/dharma/dev_ws/install/dharma_pkg/share/dharma_pkg/environment/path.sh
[1.968s] -- Symlinking: /home/dharma/dev_ws/install/dharma_pkg/share/dharma_pkg/environment/path.dsv
[1.977s] -- Symlinking: /home/dharma/dev_ws/install/dharma_pkg/share/dharma_pkg/local_setup.bash
[1.987s] -- Symlinking: /home/dharma/dev_ws/install/dharma_pkg/share/dharma_pkg/local_setup.sh
[1.996s] -- Symlinking: /home/dharma/dev_ws/install/dharma_pkg/share/dharma_pkg/local_setup.zsh
[2.005s] -- Symlinking: /home/dharma/dev_ws/install/dharma_pkg/share/dharma_pkg/local_setup.dsv
[2.019s] -- Symlinking: /home/dharma/dev_ws/install/dharma_pkg/share/dharma_pkg/package.dsv
[2.029s] -- Symlinking: /home/dharma/dev_ws/install/dharma_pkg/share/ament_index/resource_index/packages/dharma_pkg
[2.039s] -- Symlinking: /home/dharma/dev_ws/install/dharma_pkg/share/dharma_pkg/cmake/dharma_pkgConfig.cmake
[2.049s] -- Symlinking: /home/dharma/dev_ws/install/dharma_pkg/share/dharma_pkg/cmake/dharma_pkgConfig-version.cmake
[2.059s] -- Symlinking: /home/dharma/dev_ws/install/dharma_pkg/share/dharma_pkg/package.xml
[2.075s] Invoked command in '/home/dharma/dev_ws/build/dharma_pkg' returned '0': CMAKE_PREFIX_PATH=/opt/ros/foxy /usr/bin/cmake --install /home/dharma/dev_ws/build/dharma_pkg
