[0.023s] Invoking command in '/home/dharma/dev_ws/build/dolly_ignition': AMENT_PREFIX_PATH=/home/dharma/dev_ws/install/dolly_follow:${AMENT_PREFIX_PATH} CMAKE_PREFIX_PATH=/home/dharma/dev_ws/install/dolly_follow:/opt/ros/foxy /usr/bin/cmake /home/dharma/dev_ws/src/dolly/dolly_ignition -DAMENT_CMAKE_SYMLINK_INSTALL=1 -DCMAKE_INSTALL_PREFIX=/home/dharma/dev_ws/install/dolly_ignition
[0.152s] -- The C compiler identification is GNU 9.4.0
[0.213s] -- The CXX compiler identification is GNU 9.4.0
[0.218s] -- Check for working C compiler: /usr/bin/cc
[0.299s] -- Check for working C compiler: /usr/bin/cc -- works
[0.299s] -- Detecting C compiler ABI info
[0.389s] -- Detecting C compiler ABI info - done
[0.413s] -- Detecting C compile features
[0.414s] -- Detecting C compile features - done
[0.414s] -- Check for working CXX compiler: /usr/bin/c++
[0.518s] -- Check for working CXX compiler: /usr/bin/c++ -- works
[0.518s] -- Detecting CXX compiler ABI info
[0.604s] -- Detecting CXX compiler ABI info - done
[0.622s] -- Detecting CXX compile features
[0.623s] -- Detecting CXX compile features - done
[0.635s] CMake Warning at CMakeLists.txt:16 (message):
[0.635s]   Ignition Gazebo 5 or 6 not found, proceeding without that simulator.
[0.636s] 
[0.636s] 
[0.636s] -- Configuring done
[0.638s] -- Generating done
[0.638s] CMake Warning:
[0.638s]   Manually-specified variables were not used by the project:
[0.638s] 
[0.639s]     AMENT_CMAKE_SYMLINK_INSTALL
[0.639s] 
[0.639s] 
[0.640s] -- Build files have been written to: /home/dharma/dev_ws/build/dolly_ignition
[0.648s] Invoked command in '/home/dharma/dev_ws/build/dolly_ignition' returned '0': AMENT_PREFIX_PATH=/home/dharma/dev_ws/install/dolly_follow:${AMENT_PREFIX_PATH} CMAKE_PREFIX_PATH=/home/dharma/dev_ws/install/dolly_follow:/opt/ros/foxy /usr/bin/cmake /home/dharma/dev_ws/src/dolly/dolly_ignition -DAMENT_CMAKE_SYMLINK_INSTALL=1 -DCMAKE_INSTALL_PREFIX=/home/dharma/dev_ws/install/dolly_ignition
[0.649s] Invoking command in '/home/dharma/dev_ws/build/dolly_ignition': AMENT_PREFIX_PATH=/home/dharma/dev_ws/install/dolly_follow:${AMENT_PREFIX_PATH} CMAKE_PREFIX_PATH=/home/dharma/dev_ws/install/dolly_follow:/opt/ros/foxy /usr/bin/cmake --build /home/dharma/dev_ws/build/dolly_ignition -- -j1 -l1
[0.697s] Invoked command in '/home/dharma/dev_ws/build/dolly_ignition' returned '0': AMENT_PREFIX_PATH=/home/dharma/dev_ws/install/dolly_follow:${AMENT_PREFIX_PATH} CMAKE_PREFIX_PATH=/home/dharma/dev_ws/install/dolly_follow:/opt/ros/foxy /usr/bin/cmake --build /home/dharma/dev_ws/build/dolly_ignition -- -j1 -l1
