[0.032s] Invoking command in '/home/dharma/dev_ws/build/dolly_follow': CMAKE_PREFIX_PATH=/opt/ros/foxy /usr/bin/cmake /home/dharma/dev_ws/src/dolly/dolly_follow -DAMENT_CMAKE_SYMLINK_INSTALL=1 -DCMAKE_INSTALL_PREFIX=/home/dharma/dev_ws/install/dolly_follow
[0.296s] -- The C compiler identification is GNU 9.4.0
[0.492s] -- The CXX compiler identification is GNU 9.4.0
[0.503s] -- Check for working C compiler: /usr/bin/cc
[0.595s] -- Check for working C compiler: /usr/bin/cc -- works
[0.599s] -- Detecting C compiler ABI info
[0.691s] -- Detecting C compiler ABI info - done
[0.692s] -- Detecting C compile features
[0.693s] -- Detecting C compile features - done
[0.697s] -- Check for working CXX compiler: /usr/bin/c++
[0.800s] -- Check for working CXX compiler: /usr/bin/c++ -- works
[0.800s] -- Detecting CXX compiler ABI info
[0.904s] -- Detecting CXX compiler ABI info - done
[0.904s] -- Detecting CXX compile features
[0.905s] -- Detecting CXX compile features - done
[0.917s] -- Found ament_cmake: 0.9.11 (/opt/ros/foxy/share/ament_cmake/cmake)
[0.956s] -- Found PythonInterp: /usr/bin/python3 (found suitable version "3.8.10", minimum required is "3") 
[0.956s] -- Using PYTHON_EXECUTABLE: /usr/bin/python3
[1.168s] -- Override CMake install command with custom implementation using symlinks instead of copying resources
[1.214s] -- Found geometry_msgs: 2.0.5 (/opt/ros/foxy/share/geometry_msgs/cmake)
[1.264s] -- Using all available rosidl_typesupport_c: rosidl_typesupport_fastrtps_c;rosidl_typesupport_introspection_c
[1.283s] -- Found rosidl_adapter: 1.3.0 (/opt/ros/foxy/share/rosidl_adapter/cmake)
[1.412s] -- Found OpenSSL: /usr/lib/x86_64-linux-gnu/libcrypto.so (found version "1.1.1f")  
[1.459s] -- Found FastRTPS: /opt/ros/foxy/include  
[1.611s] -- Using all available rosidl_typesupport_cpp: rosidl_typesupport_fastrtps_cpp;rosidl_typesupport_introspection_cpp
[1.752s] -- Found rclcpp: 2.4.2 (/opt/ros/foxy/share/rclcpp/cmake)
[1.838s] -- Found rmw_implementation_cmake: 1.0.3 (/opt/ros/foxy/share/rmw_implementation_cmake/cmake)
[1.842s] -- Using RMW implementation 'rmw_fastrtps_cpp' as default
[1.845s] -- Looking for pthread.h
[1.952s] -- Looking for pthread.h - found
[1.953s] -- Performing Test CMAKE_HAVE_LIBC_PTHREAD
[2.035s] -- Performing Test CMAKE_HAVE_LIBC_PTHREAD - Failed
[2.036s] -- Looking for pthread_create in pthreads
[2.113s] -- Looking for pthread_create in pthreads - not found
[2.114s] -- Looking for pthread_create in pthread
[2.188s] -- Looking for pthread_create in pthread - found
[2.190s] -- Found Threads: TRUE  
[2.412s] -- Found sensor_msgs: 2.0.5 (/opt/ros/foxy/share/sensor_msgs/cmake)
[2.522s] -- Found ament_lint_auto: 0.9.7 (/opt/ros/foxy/share/ament_lint_auto/cmake)
[2.635s] -- Added test 'copyright' to check source files copyright and LICENSE
[2.637s] -- Added test 'cppcheck' to perform static code analysis on C / C++ code
[2.638s] -- Configured cppcheck include dirs: 
[2.639s] -- Configured cppcheck exclude dirs and/or files: 
[2.640s] -- Added test 'cpplint' to check C / C++ code against the Google style
[2.641s] -- Configured cpplint exclude dirs and/or files: 
[2.643s] -- Added test 'lint_cmake' to check CMake code style
[2.644s] -- Added test 'uncrustify' to check C / C++ code style
[2.645s] -- Configured uncrustify additional arguments: 
[2.648s] -- Added test 'xmllint' to check XML markup files
[2.655s] -- Configuring done
[2.682s] -- Generating done
[2.687s] -- Build files have been written to: /home/dharma/dev_ws/build/dolly_follow
[2.687s] Invoked command in '/home/dharma/dev_ws/build/dolly_follow' returned '0': CMAKE_PREFIX_PATH=/opt/ros/foxy /usr/bin/cmake /home/dharma/dev_ws/src/dolly/dolly_follow -DAMENT_CMAKE_SYMLINK_INSTALL=1 -DCMAKE_INSTALL_PREFIX=/home/dharma/dev_ws/install/dolly_follow
[2.688s] Invoking command in '/home/dharma/dev_ws/build/dolly_follow': CMAKE_PREFIX_PATH=/opt/ros/foxy /usr/bin/cmake --build /home/dharma/dev_ws/build/dolly_follow -- -j1 -l1
[2.741s] [35m[1mScanning dependencies of target dolly_follow[0m
[2.881s] [ 50%] [32mBuilding CXX object CMakeFiles/dolly_follow.dir/src/dolly_follow.cpp.o[0m
[10.939s] [100%] [32m[1mLinking CXX executable dolly_follow[0m
[12.484s] [100%] Built target dolly_follow
[12.511s] Invoked command in '/home/dharma/dev_ws/build/dolly_follow' returned '0': CMAKE_PREFIX_PATH=/opt/ros/foxy /usr/bin/cmake --build /home/dharma/dev_ws/build/dolly_follow -- -j1 -l1
[12.562s] Invoking command in '/home/dharma/dev_ws/build/dolly_follow': CMAKE_PREFIX_PATH=/opt/ros/foxy /usr/bin/cmake --install /home/dharma/dev_ws/build/dolly_follow
[12.575s] -- Install configuration: ""
[12.576s] -- Execute custom install script
[12.577s] -- Symlinking: /home/dharma/dev_ws/install/dolly_follow/lib/dolly_follow/dolly_follow
[12.588s] -- Symlinking: /home/dharma/dev_ws/install/dolly_follow/share/ament_index/resource_index/package_run_dependencies/dolly_follow
[12.600s] -- Symlinking: /home/dharma/dev_ws/install/dolly_follow/share/ament_index/resource_index/parent_prefix_path/dolly_follow
[12.617s] -- Symlinking: /home/dharma/dev_ws/install/dolly_follow/share/dolly_follow/environment/ament_prefix_path.sh
[12.636s] -- Symlinking: /home/dharma/dev_ws/install/dolly_follow/share/dolly_follow/environment/ament_prefix_path.dsv
[12.651s] -- Symlinking: /home/dharma/dev_ws/install/dolly_follow/share/dolly_follow/environment/path.sh
[12.669s] -- Symlinking: /home/dharma/dev_ws/install/dolly_follow/share/dolly_follow/environment/path.dsv
[12.679s] -- Symlinking: /home/dharma/dev_ws/install/dolly_follow/share/dolly_follow/local_setup.bash
[12.691s] -- Symlinking: /home/dharma/dev_ws/install/dolly_follow/share/dolly_follow/local_setup.sh
[12.705s] -- Symlinking: /home/dharma/dev_ws/install/dolly_follow/share/dolly_follow/local_setup.zsh
[12.716s] -- Symlinking: /home/dharma/dev_ws/install/dolly_follow/share/dolly_follow/local_setup.dsv
[12.731s] -- Symlinking: /home/dharma/dev_ws/install/dolly_follow/share/dolly_follow/package.dsv
[12.743s] -- Symlinking: /home/dharma/dev_ws/install/dolly_follow/share/ament_index/resource_index/packages/dolly_follow
[12.753s] -- Symlinking: /home/dharma/dev_ws/install/dolly_follow/share/dolly_follow/cmake/dolly_followConfig.cmake
[12.774s] -- Symlinking: /home/dharma/dev_ws/install/dolly_follow/share/dolly_follow/cmake/dolly_followConfig-version.cmake
[12.789s] -- Symlinking: /home/dharma/dev_ws/install/dolly_follow/share/dolly_follow/package.xml
[12.808s] Invoked command in '/home/dharma/dev_ws/build/dolly_follow' returned '0': CMAKE_PREFIX_PATH=/opt/ros/foxy /usr/bin/cmake --install /home/dharma/dev_ws/build/dolly_follow
