[0.016s] Invoking command in '/home/dharma/dev_ws/build/dolly': AMENT_PREFIX_PATH=/home/dharma/dev_ws/install/dolly_gazebo:/home/dharma/dev_ws/install/dolly_follow:${AMENT_PREFIX_PATH} CMAKE_PREFIX_PATH=/home/dharma/dev_ws/install/dolly_gazebo:/home/dharma/dev_ws/install/dolly_follow:/opt/ros/foxy GAZEBO_MODEL_PATH=/home/dharma/dev_ws/install/dolly_gazebo/share/dolly_gazebo/models GAZEBO_RESOURCE_PATH=/home/dharma/dev_ws/install/dolly_gazebo/share/dolly_gazebo/worlds /usr/bin/cmake /home/dharma/dev_ws/src/dolly/dolly -DAMENT_CMAKE_SYMLINK_INSTALL=1 -DCMAKE_INSTALL_PREFIX=/home/dharma/dev_ws/install/dolly
[0.096s] -- The C compiler identification is GNU 9.4.0
[0.157s] -- The CXX compiler identification is GNU 9.4.0
[0.164s] -- Check for working C compiler: /usr/bin/cc
[0.237s] -- Check for working C compiler: /usr/bin/cc -- works
[0.238s] -- Detecting C compiler ABI info
[0.311s] -- Detecting C compiler ABI info - done
[0.326s] -- Detecting C compile features
[0.327s] -- Detecting C compile features - done
[0.331s] -- Check for working CXX compiler: /usr/bin/c++
[0.414s] -- Check for working CXX compiler: /usr/bin/c++ -- works
[0.416s] -- Detecting CXX compiler ABI info
[0.502s] -- Detecting CXX compiler ABI info - done
[0.517s] -- Detecting CXX compile features
[0.518s] -- Detecting CXX compile features - done
[0.522s] -- Found ament_cmake: 0.9.11 (/opt/ros/foxy/share/ament_cmake/cmake)
[0.547s] -- Found PythonInterp: /usr/bin/python3 (found suitable version "3.8.10", minimum required is "3") 
[0.548s] -- Using PYTHON_EXECUTABLE: /usr/bin/python3
[0.760s] -- Override CMake install command with custom implementation using symlinks instead of copying resources
[0.784s] -- Found ament_lint_auto: 0.9.7 (/opt/ros/foxy/share/ament_lint_auto/cmake)
[0.877s] -- Added test 'copyright' to check source files copyright and LICENSE
[0.879s] -- Added test 'lint_cmake' to check CMake code style
[0.880s] -- Added test 'xmllint' to check XML markup files
[0.883s] -- Configuring done
[0.885s] -- Generating done
[0.887s] -- Build files have been written to: /home/dharma/dev_ws/build/dolly
[0.894s] Invoked command in '/home/dharma/dev_ws/build/dolly' returned '0': AMENT_PREFIX_PATH=/home/dharma/dev_ws/install/dolly_gazebo:/home/dharma/dev_ws/install/dolly_follow:${AMENT_PREFIX_PATH} CMAKE_PREFIX_PATH=/home/dharma/dev_ws/install/dolly_gazebo:/home/dharma/dev_ws/install/dolly_follow:/opt/ros/foxy GAZEBO_MODEL_PATH=/home/dharma/dev_ws/install/dolly_gazebo/share/dolly_gazebo/models GAZEBO_RESOURCE_PATH=/home/dharma/dev_ws/install/dolly_gazebo/share/dolly_gazebo/worlds /usr/bin/cmake /home/dharma/dev_ws/src/dolly/dolly -DAMENT_CMAKE_SYMLINK_INSTALL=1 -DCMAKE_INSTALL_PREFIX=/home/dharma/dev_ws/install/dolly
[0.895s] Invoking command in '/home/dharma/dev_ws/build/dolly': AMENT_PREFIX_PATH=/home/dharma/dev_ws/install/dolly_gazebo:/home/dharma/dev_ws/install/dolly_follow:${AMENT_PREFIX_PATH} CMAKE_PREFIX_PATH=/home/dharma/dev_ws/install/dolly_gazebo:/home/dharma/dev_ws/install/dolly_follow:/opt/ros/foxy GAZEBO_MODEL_PATH=/home/dharma/dev_ws/install/dolly_gazebo/share/dolly_gazebo/models GAZEBO_RESOURCE_PATH=/home/dharma/dev_ws/install/dolly_gazebo/share/dolly_gazebo/worlds /usr/bin/cmake --build /home/dharma/dev_ws/build/dolly -- -j1 -l1
[0.939s] Invoked command in '/home/dharma/dev_ws/build/dolly' returned '0': AMENT_PREFIX_PATH=/home/dharma/dev_ws/install/dolly_gazebo:/home/dharma/dev_ws/install/dolly_follow:${AMENT_PREFIX_PATH} CMAKE_PREFIX_PATH=/home/dharma/dev_ws/install/dolly_gazebo:/home/dharma/dev_ws/install/dolly_follow:/opt/ros/foxy GAZEBO_MODEL_PATH=/home/dharma/dev_ws/install/dolly_gazebo/share/dolly_gazebo/models GAZEBO_RESOURCE_PATH=/home/dharma/dev_ws/install/dolly_gazebo/share/dolly_gazebo/worlds /usr/bin/cmake --build /home/dharma/dev_ws/build/dolly -- -j1 -l1
[0.966s] Invoking command in '/home/dharma/dev_ws/build/dolly': AMENT_PREFIX_PATH=/home/dharma/dev_ws/install/dolly_gazebo:/home/dharma/dev_ws/install/dolly_follow:${AMENT_PREFIX_PATH} CMAKE_PREFIX_PATH=/home/dharma/dev_ws/install/dolly_gazebo:/home/dharma/dev_ws/install/dolly_follow:/opt/ros/foxy GAZEBO_MODEL_PATH=/home/dharma/dev_ws/install/dolly_gazebo/share/dolly_gazebo/models GAZEBO_RESOURCE_PATH=/home/dharma/dev_ws/install/dolly_gazebo/share/dolly_gazebo/worlds /usr/bin/cmake --install /home/dharma/dev_ws/build/dolly
[0.978s] -- Install configuration: ""
[0.979s] -- Execute custom install script
[0.979s] -- Symlinking: /home/dharma/dev_ws/install/dolly/share/ament_index/resource_index/package_run_dependencies/dolly
[0.989s] -- Symlinking: /home/dharma/dev_ws/install/dolly/share/ament_index/resource_index/parent_prefix_path/dolly
[0.998s] -- Symlinking: /home/dharma/dev_ws/install/dolly/share/dolly/environment/ament_prefix_path.sh
[1.008s] -- Symlinking: /home/dharma/dev_ws/install/dolly/share/dolly/environment/ament_prefix_path.dsv
[1.016s] -- Symlinking: /home/dharma/dev_ws/install/dolly/share/dolly/environment/path.sh
[1.027s] -- Symlinking: /home/dharma/dev_ws/install/dolly/share/dolly/environment/path.dsv
[1.035s] -- Symlinking: /home/dharma/dev_ws/install/dolly/share/dolly/local_setup.bash
[1.045s] -- Symlinking: /home/dharma/dev_ws/install/dolly/share/dolly/local_setup.sh
[1.055s] -- Symlinking: /home/dharma/dev_ws/install/dolly/share/dolly/local_setup.zsh
[1.070s] -- Symlinking: /home/dharma/dev_ws/install/dolly/share/dolly/local_setup.dsv
[1.079s] -- Symlinking: /home/dharma/dev_ws/install/dolly/share/dolly/package.dsv
[1.089s] -- Symlinking: /home/dharma/dev_ws/install/dolly/share/ament_index/resource_index/packages/dolly
[1.098s] -- Symlinking: /home/dharma/dev_ws/install/dolly/share/dolly/cmake/dollyConfig.cmake
[1.108s] -- Symlinking: /home/dharma/dev_ws/install/dolly/share/dolly/cmake/dollyConfig-version.cmake
[1.117s] -- Symlinking: /home/dharma/dev_ws/install/dolly/share/dolly/package.xml
[1.131s] Invoked command in '/home/dharma/dev_ws/build/dolly' returned '0': AMENT_PREFIX_PATH=/home/dharma/dev_ws/install/dolly_gazebo:/home/dharma/dev_ws/install/dolly_follow:${AMENT_PREFIX_PATH} CMAKE_PREFIX_PATH=/home/dharma/dev_ws/install/dolly_gazebo:/home/dharma/dev_ws/install/dolly_follow:/opt/ros/foxy GAZEBO_MODEL_PATH=/home/dharma/dev_ws/install/dolly_gazebo/share/dolly_gazebo/models GAZEBO_RESOURCE_PATH=/home/dharma/dev_ws/install/dolly_gazebo/share/dolly_gazebo/worlds /usr/bin/cmake --install /home/dharma/dev_ws/build/dolly
