[0.023s] Invoking command in '/home/dharma/dev_ws/build/dolly_gazebo': AMENT_PREFIX_PATH=/home/dharma/dev_ws/install/dolly_follow:${AMENT_PREFIX_PATH} CMAKE_PREFIX_PATH=/home/dharma/dev_ws/install/dolly_follow:/opt/ros/foxy /usr/bin/cmake /home/dharma/dev_ws/src/dolly/dolly_gazebo -DAMENT_CMAKE_SYMLINK_INSTALL=1 -DCMAKE_INSTALL_PREFIX=/home/dharma/dev_ws/install/dolly_gazebo
[0.119s] -- The C compiler identification is GNU 9.4.0
[0.208s] -- The CXX compiler identification is GNU 9.4.0
[0.229s] -- Check for working C compiler: /usr/bin/cc
[0.354s] -- Check for working C compiler: /usr/bin/cc -- works
[0.355s] -- Detecting C compiler ABI info
[0.466s] -- Detecting C compiler ABI info - done
[0.466s] -- Detecting C compile features
[0.466s] -- Detecting C compile features - done
[0.467s] -- Check for working CXX compiler: /usr/bin/c++
[0.540s] -- Check for working CXX compiler: /usr/bin/c++ -- works
[0.542s] -- Detecting CXX compiler ABI info
[0.615s] -- Detecting CXX compiler ABI info - done
[0.629s] -- Detecting CXX compile features
[0.629s] -- Detecting CXX compile features - done
[0.646s] -- Found PkgConfig: /usr/bin/pkg-config (found version "0.29.1") 
[0.651s] -- Checking for module 'bullet>=2.82'
[0.677s] --   Found bullet, version 2.88
[0.876s] -- Found ccd: /usr/include (found suitable version "2.0", minimum required is "2.0") 
[0.939s] -- Found fcl: /usr/include (found suitable version "0.5.0", minimum required is "0.3.2") 
[1.002s] -- Found assimp: /usr/include (found version "5.0.0") 
[1.043s] -- Found DART: /usr/include (Required is at least version "6.6") found components: dart 
[1.422s] -- Found Boost: /usr/lib/x86_64-linux-gnu/cmake/Boost-1.71.0/BoostConfig.cmake (found suitable version "1.71.0", minimum required is "1.40.0") found components: thread system filesystem program_options regex iostreams date_time 
[1.461s] -- Found Protobuf: /usr/lib/x86_64-linux-gnu/libprotobuf.so;-lpthread (found version "3.6.1") 
[1.470s] -- Looking for ignition-math6 -- found version 6.13.0
[1.482s] -- Searching for dependencies of ignition-math6
[1.486s] -- Looking for OGRE...
[1.488s] -- OGRE_PREFIX_WATCH changed.
[1.493s] -- Checking for module 'OGRE'
[1.514s] --   Found OGRE, version 1.9.0
[1.557s] -- Found Ogre Ghadamon (1.9.0)
[1.570s] -- Found OGRE: optimized;/usr/lib/x86_64-linux-gnu/libOgreMain.so;debug;/usr/lib/x86_64-linux-gnu/libOgreMain.so
[1.583s] -- Looking for OGRE_Paging...
[1.595s] -- Found OGRE_Paging: optimized;/usr/lib/x86_64-linux-gnu/libOgrePaging.so;debug;/usr/lib/x86_64-linux-gnu/libOgrePaging.so
[1.595s] -- Looking for OGRE_Terrain...
[1.613s] -- Found OGRE_Terrain: optimized;/usr/lib/x86_64-linux-gnu/libOgreTerrain.so;debug;/usr/lib/x86_64-linux-gnu/libOgreTerrain.so
[1.613s] -- Looking for OGRE_Property...
[1.624s] -- Found OGRE_Property: optimized;/usr/lib/x86_64-linux-gnu/libOgreProperty.so;debug;/usr/lib/x86_64-linux-gnu/libOgreProperty.so
[1.624s] -- Looking for OGRE_RTShaderSystem...
[1.635s] -- Found OGRE_RTShaderSystem: optimized;/usr/lib/x86_64-linux-gnu/libOgreRTShaderSystem.so;debug;/usr/lib/x86_64-linux-gnu/libOgreRTShaderSystem.so
[1.636s] -- Looking for OGRE_Volume...
[1.646s] -- Found OGRE_Volume: optimized;/usr/lib/x86_64-linux-gnu/libOgreVolume.so;debug;/usr/lib/x86_64-linux-gnu/libOgreVolume.so
[1.646s] -- Looking for OGRE_Overlay...
[1.657s] -- Found OGRE_Overlay: optimized;/usr/lib/x86_64-linux-gnu/libOgreOverlay.so;debug;/usr/lib/x86_64-linux-gnu/libOgreOverlay.so
[1.875s] -- Looking for ignition-math6 -- found version 6.13.0
[1.880s] -- Looking for ignition-transport8 -- found version 8.3.0
[1.880s] -- Searching for dependencies of ignition-transport8
[1.899s] -- Found Protobuf: /usr/lib/x86_64-linux-gnu/libprotobuf.so;-lpthread (found suitable version "3.6.1", minimum required is "3") 
[1.915s] -- Config-file not installed for ZeroMQ -- checking for pkg-config
[1.920s] -- Checking for module 'libzmq >= 4'
[1.940s] --   Found libzmq , version 4.3.2
[1.983s] -- Found ZeroMQ: TRUE (Required is at least version "4") 
[1.991s] -- Checking for module 'uuid'
[2.008s] --   Found uuid, version 2.34.0
[2.055s] -- Found UUID: TRUE  
[2.058s] -- Looking for ignition-msgs5 -- found version 5.10.0
[2.059s] -- Searching for dependencies of ignition-msgs5
[2.079s] -- Looking for ignition-math6 -- found version 6.13.0
[2.085s] -- Checking for module 'tinyxml2'
[2.104s] --   Found tinyxml2, version 6.2.0
[2.154s] -- Looking for ignition-msgs5 -- found version 5.10.0
[2.159s] -- Looking for ignition-common3 -- found version 3.14.2
[2.160s] -- Searching for dependencies of ignition-common3
[2.161s] -- Looking for dlfcn.h - found
[2.163s] -- Looking for libdl - found
[2.164s] -- Found DL: TRUE  
[2.177s] -- Searching for <ignition-common3> component [graphics]
[2.179s] -- Looking for ignition-common3-graphics -- found version 3.14.2
[2.181s] -- Searching for dependencies of ignition-common3-graphics
[2.182s] -- Looking for ignition-math6 -- found version 6.13.0
[2.186s] -- Looking for ignition-fuel_tools4 -- found version 4.6.0
[2.187s] -- Searching for dependencies of ignition-fuel_tools4
[2.275s] -- Found CURL: /usr/lib/x86_64-linux-gnu/libcurl.so (found version "7.68.0")  
[2.287s] -- Checking for module 'jsoncpp'
[2.303s] --   Found jsoncpp, version 1.7.4
[2.349s] -- Found JSONCPP: TRUE  
[2.358s] -- Checking for module 'libzip'
[2.374s] --   Found libzip, version 1.5.1
[2.418s] -- Found ZIP: TRUE  
[2.419s] -- Looking for ignition-common3 -- found version 3.14.2
[2.420s] -- Looking for ignition-math6 -- found version 6.13.0
[2.422s] -- Looking for ignition-msgs5 -- found version 5.10.0
[2.427s] -- Found ament_cmake: 0.9.11 (/opt/ros/foxy/share/ament_cmake/cmake)
[2.455s] -- Found PythonInterp: /usr/bin/python3 (found suitable version "3.8.10", minimum required is "3") 
[2.455s] -- Using PYTHON_EXECUTABLE: /usr/bin/python3
[2.671s] -- Override CMake install command with custom implementation using symlinks instead of copying resources
[2.693s] -- Found ament_lint_auto: 0.9.7 (/opt/ros/foxy/share/ament_lint_auto/cmake)
[2.798s] -- Added test 'copyright' to check source files copyright and LICENSE
[2.804s] -- Added test 'flake8' to check Python code syntax and style conventions
[2.805s] -- Added test 'lint_cmake' to check CMake code style
[2.806s] -- Added test 'pep257' to check Python code against some of the style conventions in PEP 257
[2.810s] -- Added test 'xmllint' to check XML markup files
[2.814s] -- Configuring done
[2.820s] -- Generating done
[2.823s] -- Build files have been written to: /home/dharma/dev_ws/build/dolly_gazebo
[2.837s] Invoked command in '/home/dharma/dev_ws/build/dolly_gazebo' returned '0': AMENT_PREFIX_PATH=/home/dharma/dev_ws/install/dolly_follow:${AMENT_PREFIX_PATH} CMAKE_PREFIX_PATH=/home/dharma/dev_ws/install/dolly_follow:/opt/ros/foxy /usr/bin/cmake /home/dharma/dev_ws/src/dolly/dolly_gazebo -DAMENT_CMAKE_SYMLINK_INSTALL=1 -DCMAKE_INSTALL_PREFIX=/home/dharma/dev_ws/install/dolly_gazebo
[2.838s] Invoking command in '/home/dharma/dev_ws/build/dolly_gazebo': AMENT_PREFIX_PATH=/home/dharma/dev_ws/install/dolly_follow:${AMENT_PREFIX_PATH} CMAKE_PREFIX_PATH=/home/dharma/dev_ws/install/dolly_follow:/opt/ros/foxy /usr/bin/cmake --build /home/dharma/dev_ws/build/dolly_gazebo -- -j1 -l1
[2.886s] Invoked command in '/home/dharma/dev_ws/build/dolly_gazebo' returned '0': AMENT_PREFIX_PATH=/home/dharma/dev_ws/install/dolly_follow:${AMENT_PREFIX_PATH} CMAKE_PREFIX_PATH=/home/dharma/dev_ws/install/dolly_follow:/opt/ros/foxy /usr/bin/cmake --build /home/dharma/dev_ws/build/dolly_gazebo -- -j1 -l1
[2.913s] Invoking command in '/home/dharma/dev_ws/build/dolly_gazebo': AMENT_PREFIX_PATH=/home/dharma/dev_ws/install/dolly_follow:${AMENT_PREFIX_PATH} CMAKE_PREFIX_PATH=/home/dharma/dev_ws/install/dolly_follow:/opt/ros/foxy /usr/bin/cmake --install /home/dharma/dev_ws/build/dolly_gazebo
[2.929s] -- Install configuration: ""
[2.930s] -- Execute custom install script
[2.931s] -- Symlinking: /home/dharma/dev_ws/install/dolly_gazebo/share/dolly_gazebo//launch/dolly.launch.py
[2.941s] -- Symlinking: /home/dharma/dev_ws/install/dolly_gazebo/share/dolly_gazebo//models/casual_female/materials/textures/brown_eye.png
[2.951s] -- Symlinking: /home/dharma/dev_ws/install/dolly_gazebo/share/dolly_gazebo//models/casual_female/materials/textures/casual_female.png
[2.960s] -- Symlinking: /home/dharma/dev_ws/install/dolly_gazebo/share/dolly_gazebo//models/casual_female/materials/textures/eyebrow002.png
[2.970s] -- Symlinking: /home/dharma/dev_ws/install/dolly_gazebo/share/dolly_gazebo//models/casual_female/materials/textures/eyelashes01.png
[2.979s] -- Symlinking: /home/dharma/dev_ws/install/dolly_gazebo/share/dolly_gazebo//models/casual_female/materials/textures/female_casualsuit01_diffuse.png
[2.988s] -- Symlinking: /home/dharma/dev_ws/install/dolly_gazebo/share/dolly_gazebo//models/casual_female/materials/textures/female_casualsuit01_normal.png
[2.998s] -- Symlinking: /home/dharma/dev_ws/install/dolly_gazebo/share/dolly_gazebo//models/casual_female/materials/textures/female_casualsuit02_diffuse.png
[3.008s] -- Symlinking: /home/dharma/dev_ws/install/dolly_gazebo/share/dolly_gazebo//models/casual_female/materials/textures/female_casualsuit02_normal.png
[3.020s] -- Symlinking: /home/dharma/dev_ws/install/dolly_gazebo/share/dolly_gazebo//models/casual_female/materials/textures/ponytail01_diffuse.png
[3.031s] -- Symlinking: /home/dharma/dev_ws/install/dolly_gazebo/share/dolly_gazebo//models/casual_female/materials/textures/shoes05_diffuse.png
[3.041s] -- Symlinking: /home/dharma/dev_ws/install/dolly_gazebo/share/dolly_gazebo//models/casual_female/materials/textures/tongue01_diffuse.png
[3.050s] -- Symlinking: /home/dharma/dev_ws/install/dolly_gazebo/share/dolly_gazebo//models/casual_female/materials/textures/young_lightskinned_female_diffuse.png
[3.059s] -- Symlinking: /home/dharma/dev_ws/install/dolly_gazebo/share/dolly_gazebo//models/casual_female/meshes/casual_female.dae
[3.068s] -- Symlinking: /home/dharma/dev_ws/install/dolly_gazebo/share/dolly_gazebo//models/casual_female/model.config
[3.077s] -- Symlinking: /home/dharma/dev_ws/install/dolly_gazebo/share/dolly_gazebo//models/casual_female/model.sdf
[3.085s] -- Symlinking: /home/dharma/dev_ws/install/dolly_gazebo/share/dolly_gazebo//models/casual_female/thumbnails/1.png
[3.094s] -- Symlinking: /home/dharma/dev_ws/install/dolly_gazebo/share/dolly_gazebo//models/casual_female/thumbnails/2.png
[3.102s] -- Symlinking: /home/dharma/dev_ws/install/dolly_gazebo/share/dolly_gazebo//models/casual_female/thumbnails/3.png
[3.111s] -- Symlinking: /home/dharma/dev_ws/install/dolly_gazebo/share/dolly_gazebo//models/casual_female/thumbnails/4.png
[3.123s] -- Symlinking: /home/dharma/dev_ws/install/dolly_gazebo/share/dolly_gazebo//models/casual_female/thumbnails/5.png
[3.134s] -- Symlinking: /home/dharma/dev_ws/install/dolly_gazebo/share/dolly_gazebo//models/city_terrain/materials/textures/city_terrain (original).jpg
[3.143s] -- Symlinking: /home/dharma/dev_ws/install/dolly_gazebo/share/dolly_gazebo//models/city_terrain/materials/textures/city_terrain.jpg
[3.152s] -- Symlinking: /home/dharma/dev_ws/install/dolly_gazebo/share/dolly_gazebo//models/city_terrain/materials/textures/forest.jpg
[3.161s] -- Symlinking: /home/dharma/dev_ws/install/dolly_gazebo/share/dolly_gazebo//models/city_terrain/model.config
[3.171s] -- Symlinking: /home/dharma/dev_ws/install/dolly_gazebo/share/dolly_gazebo//models/city_terrain/model.sdf
[3.180s] -- Symlinking: /home/dharma/dev_ws/install/dolly_gazebo/share/dolly_gazebo//models/dolly/materials/scripts/script.material
[3.189s] -- Symlinking: /home/dharma/dev_ws/install/dolly_gazebo/share/dolly_gazebo//models/dolly/materials/textures/sheep.jpg
[3.198s] -- Symlinking: /home/dharma/dev_ws/install/dolly_gazebo/share/dolly_gazebo//models/dolly/model.config
[3.206s] -- Symlinking: /home/dharma/dev_ws/install/dolly_gazebo/share/dolly_gazebo//models/dolly/model.sdf
[3.215s] -- Symlinking: /home/dharma/dev_ws/install/dolly_gazebo/share/dolly_gazebo//models/ocean/materials/programs/GLSL/Waves.frag
[3.225s] -- Symlinking: /home/dharma/dev_ws/install/dolly_gazebo/share/dolly_gazebo//models/ocean/materials/programs/GLSL/Waves.vert
[3.235s] -- Symlinking: /home/dharma/dev_ws/install/dolly_gazebo/share/dolly_gazebo//models/ocean/materials/scripts/ocean.material
[3.246s] -- Symlinking: /home/dharma/dev_ws/install/dolly_gazebo/share/dolly_gazebo//models/ocean/materials/textures/License and source soil_sand_0045_01.txt
[3.254s] -- Symlinking: /home/dharma/dev_ws/install/dolly_gazebo/share/dolly_gazebo//models/ocean/materials/textures/clouds.jpg
[3.263s] -- Symlinking: /home/dharma/dev_ws/install/dolly_gazebo/share/dolly_gazebo//models/ocean/materials/textures/clouds_bk.jpg
[3.272s] -- Symlinking: /home/dharma/dev_ws/install/dolly_gazebo/share/dolly_gazebo//models/ocean/materials/textures/clouds_dn.jpg
[3.282s] -- Symlinking: /home/dharma/dev_ws/install/dolly_gazebo/share/dolly_gazebo//models/ocean/materials/textures/clouds_fr.jpg
[3.291s] -- Symlinking: /home/dharma/dev_ws/install/dolly_gazebo/share/dolly_gazebo//models/ocean/materials/textures/clouds_lf.jpg
[3.300s] -- Symlinking: /home/dharma/dev_ws/install/dolly_gazebo/share/dolly_gazebo//models/ocean/materials/textures/clouds_rt.jpg
[3.309s] -- Symlinking: /home/dharma/dev_ws/install/dolly_gazebo/share/dolly_gazebo//models/ocean/materials/textures/clouds_up.jpg
[3.318s] -- Symlinking: /home/dharma/dev_ws/install/dolly_gazebo/share/dolly_gazebo//models/ocean/materials/textures/normals.dds
[3.327s] -- Symlinking: /home/dharma/dev_ws/install/dolly_gazebo/share/dolly_gazebo//models/ocean/materials/textures/soil_sand_0045_01.jpg
[3.337s] -- Symlinking: /home/dharma/dev_ws/install/dolly_gazebo/share/dolly_gazebo//models/ocean/mesh-simple.dae
[3.347s] -- Symlinking: /home/dharma/dev_ws/install/dolly_gazebo/share/dolly_gazebo//models/ocean/mesh.blend
[3.356s] -- Symlinking: /home/dharma/dev_ws/install/dolly_gazebo/share/dolly_gazebo//models/ocean/mesh.dae
[3.365s] -- Symlinking: /home/dharma/dev_ws/install/dolly_gazebo/share/dolly_gazebo//models/ocean/mesh_below.dae
[3.374s] -- Symlinking: /home/dharma/dev_ws/install/dolly_gazebo/share/dolly_gazebo//models/ocean/model.config
[3.384s] -- Symlinking: /home/dharma/dev_ws/install/dolly_gazebo/share/dolly_gazebo//models/ocean/model.sdf
[3.393s] -- Symlinking: /home/dharma/dev_ws/install/dolly_gazebo/share/dolly_gazebo//rviz/dolly_gazebo.rviz
[3.402s] -- Symlinking: /home/dharma/dev_ws/install/dolly_gazebo/share/dolly_gazebo//worlds/dolly_city.world
[3.411s] -- Symlinking: /home/dharma/dev_ws/install/dolly_gazebo/share/dolly_gazebo//worlds/dolly_empty.world
[3.419s] -- Symlinking: /home/dharma/dev_ws/install/dolly_gazebo/share/dolly_gazebo/environment/dolly_gazebo.sh
[3.428s] -- Symlinking: /home/dharma/dev_ws/install/dolly_gazebo/share/dolly_gazebo/environment/dolly_gazebo.dsv
[3.440s] -- Symlinking: /home/dharma/dev_ws/install/dolly_gazebo/share/ament_index/resource_index/package_run_dependencies/dolly_gazebo
[3.451s] -- Symlinking: /home/dharma/dev_ws/install/dolly_gazebo/share/ament_index/resource_index/parent_prefix_path/dolly_gazebo
[3.460s] -- Symlinking: /home/dharma/dev_ws/install/dolly_gazebo/share/dolly_gazebo/environment/ament_prefix_path.sh
[3.468s] -- Symlinking: /home/dharma/dev_ws/install/dolly_gazebo/share/dolly_gazebo/environment/ament_prefix_path.dsv
[3.478s] -- Symlinking: /home/dharma/dev_ws/install/dolly_gazebo/share/dolly_gazebo/environment/path.sh
[3.487s] -- Symlinking: /home/dharma/dev_ws/install/dolly_gazebo/share/dolly_gazebo/environment/path.dsv
[3.496s] -- Symlinking: /home/dharma/dev_ws/install/dolly_gazebo/share/dolly_gazebo/local_setup.bash
[3.505s] -- Symlinking: /home/dharma/dev_ws/install/dolly_gazebo/share/dolly_gazebo/local_setup.sh
[3.514s] -- Symlinking: /home/dharma/dev_ws/install/dolly_gazebo/share/dolly_gazebo/local_setup.zsh
[3.522s] -- Symlinking: /home/dharma/dev_ws/install/dolly_gazebo/share/dolly_gazebo/local_setup.dsv
[3.532s] -- Symlinking: /home/dharma/dev_ws/install/dolly_gazebo/share/dolly_gazebo/package.dsv
[3.546s] -- Symlinking: /home/dharma/dev_ws/install/dolly_gazebo/share/ament_index/resource_index/packages/dolly_gazebo
[3.554s] -- Symlinking: /home/dharma/dev_ws/install/dolly_gazebo/share/dolly_gazebo/cmake/dolly_gazeboConfig.cmake
[3.564s] -- Symlinking: /home/dharma/dev_ws/install/dolly_gazebo/share/dolly_gazebo/cmake/dolly_gazeboConfig-version.cmake
[3.573s] -- Symlinking: /home/dharma/dev_ws/install/dolly_gazebo/share/dolly_gazebo/package.xml
[3.587s] Invoked command in '/home/dharma/dev_ws/build/dolly_gazebo' returned '0': AMENT_PREFIX_PATH=/home/dharma/dev_ws/install/dolly_follow:${AMENT_PREFIX_PATH} CMAKE_PREFIX_PATH=/home/dharma/dev_ws/install/dolly_follow:/opt/ros/foxy /usr/bin/cmake --install /home/dharma/dev_ws/build/dolly_gazebo
